0;Send0-new-0
1;Send0-new-4
2;Send0-new-5
3;Send0-new-6
4;Send0-new-7
5;Send0-new-8
6;Send0-new-9
7;Send0-new-10
8;Send0-new-11
9;Send0-new-12
10;Send0-new-13
11;Send0-new-14
12;Send0-new-15
13;Send0-new-16
14;Send0-new-17
15;Send0-new-18
16;Send0-new-19
17;Send0-new-20
18;Send0-new-21
19;Send0-new-22
20;Send0-new-23
21;Send0-new-24
22;Send0-new-25
23;Send0-new-26
24;Send0-new-27
25;Send0-new-28
26;Send0-new-29
27;Send0-new-30
28;Send0-new-31
29;Send0-new-32
30;Send0-new-33
31;Send0-new-34
32;Send0-new-35
33;Send0-new-36
34;Send0-new-37
35;Send0-new-38
36;Send0-new-39
37;Send0-new-40
38;Send0-new-41
39;Send0-new-42
40;Send0-new-43
41;Send0-new-44
42;Send0-new-45
43;Send0-new-46
44;Send0-new-47
45;Send0-new-48
46;Send0-new-49
47;Send0-new-50
48;Send0-new-51
49;Send0-new-52
50;Send0-new-53
51;Send0-new-54
52;Send0-new-55
53;Send0-new-56
54;Send0-new-57
55;Send0-new-58
56;Send0-new-59
57;Send0-new-60
58;Send0-new-61
59;Send0-new-62
60;Send0-new-63
61;Send0-new-64
62;Send0-new-65
63;Send0-new-66
64;Send0-new-67
65;Send0-new-68
66;Send0-new-69
67;Send0-new-70
68;Send0-new-71
69;Send0-new-72
70;Send0-new-73
71;Send0-new-74
72;Send0-new-75
73;Send0-new-76
74;Send0-new-77
75;Send0-new-78
76;Send0-new-79
77;Send0-new-80
78;Send0-new-81
79;Send0-new-82
80;Send0-new-83
81;Send0-new-84
82;Send0-new-85
83;Send0-new-86
84;Send0-new-87
85;Send0-new-88
86;Send0-new-89
87;Send0-new-90
88;Send0-new-91
89;Send0-new-92
90;Send0-new-93
91;Send0-new-94
92;Send0-new-95
93;Send0-new-96
94;Send0-new-97
95;Send0-new-98
96;Send0-new-99
97;Send0-new-100
98;Send0-new-101
99;Send0-new-102
100;Send0-new-103
101;Send0-new-104
102;Send0-new-105
103;Send0-new-106
104;Send0-new-107
105;Send0-new-108
106;Send0-new-109
107;Send0-new-110
108;Send0-new-111
109;Send0-new-112
110;Send0-new-113
111;Send0-new-114
112;Send0-new-115
113;Send0-new-116
114;Send0-new-117
115;Send0-new-118
116;Send0-new-119
117;Send0-new-120
118;Send0-new-121
119;Send0-new-122
120;Send0-new-123
121;Send0-new-124
122;Send0-new-125
123;Send0-new-126
124;Send0-new-127
125;Send0-new-0
126;Send0-new-3
127;Send0-new-4
128;Send0-new-5
129;Send0-new-6
130;Send0-new-7
131;Send0-new-8
132;Send0-new-9
133;Send0-new-10
134;Send0-new-11
135;Send0-new-12
136;Send0-new-13
137;Send0-new-14
138;Send0-new-15
139;Send0-new-16
140;Send0-new-17
141;Send0-new-18
142;Send0-new-19
143;Send0-new-20
144;Send0-new-21
145;Send0-new-22
146;Send0-new-23
147;Send0-new-24
148;Send0-new-25
149;Send0-new-26
150;Send0-new-27
151;Send0-new-28
152;Send0-new-29
153;Send0-new-30
154;Send0-new-31
155;Send0-new-32
156;Send0-new-33
157;Send0-new-34
158;Send0-new-35
159;Send0-new-36
160;Send0-new-37
161;Send0-new-38
162;Send0-new-39
163;Send0-new-40
164;Send0-new-41
165;Send0-new-42
166;Send0-new-43
167;Send0-new-44
168;Send0-new-45
169;Send0-new-46
170;Send0-new-47
171;Send0-new-48
172;Send0-new-49
173;Send0-new-50
174;Send0-new-51
175;Send0-new-52
176;Send0-new-53
177;Send0-new-54
178;Send0-new-55
179;Send0-new-56
180;Send0-new-57
181;Send0-new-58
182;Send0-new-59
183;Send0-new-60
184;Send0-new-61
185;Send0-new-62
186;Send0-new-63
187;Send0-new-64
188;Send0-new-65
189;Send0-new-66
190;Send0-new-67
191;Send0-new-68
192;Send0-new-69
193;Send0-new-70
194;Send0-new-71
195;Send0-new-72
196;Send0-new-73
197;Send0-new-74
198;Send0-new-75
199;Send0-new-76
200;Send0-new-77
201;Send0-new-78
202;Send0-new-79
203;Send0-new-80
204;Send0-new-81
205;Send0-new-82
206;Send0-new-83
207;Send0-new-84
208;Send0-new-85
209;Send0-new-86
210;Send0-new-87
211;Send0-new-88
212;Send0-new-89
213;Send0-new-90
214;Send0-new-91
215;Send0-new-92
216;Send0-new-93
217;Send0-new-94
218;Send0-new-95
219;Send0-new-96
220;Send0-new-97
221;Send0-new-98
222;Send0-new-99
223;Send0-new-100
224;Send0-new-101
225;Send0-new-102
226;Send0-new-103
227;Send0-new-104
228;Send0-new-105
229;Send0-new-106
230;Send0-new-107
231;Send0-new-108
232;Send0-new-109
233;Send0-new-110
234;Send0-new-111
235;Send0-new-112
236;Send0-new-113
237;Send0-new-114
238;Send0-new-115
239;Send0-new-116
240;Send0-new-117
241;Send0-new-118
242;Send0-new-119
243;Send0-new-120
244;Send0-new-121
245;Send0-new-122
246;Send0-new-123
247;Send0-new-124
248;Send0-new-125
249;Send0-new-126
250;Send0-new-127
251;Send0-new-128
252;Send0-new-129
253;Send0-new-130
254;Send0-new-131
255;Send0-new-132
256;Send0-new-133
257;Send0-new-134
258;Send0-new-135
259;Send0-new-136
260;Send0-new-137
261;Send0-new-138
262;Send0-new-139
263;Send0-new-140
264;Send0-new-141
265;Send0-new-142
266;Send0-new-143
267;Send0-new-144
268;Send0-new-145
269;Send0-new-146
270;Send0-new-147
271;Send0-new-148
272;Send0-new-149
273;Send0-new-150
274;Send0-new-151
275;Send0-new-152
276;Send0-new-153
277;Send0-new-154
278;Send0-new-155
279;Send0-new-156
280;Send0-new-157
281;Send0-new-158
282;Send0-new-159
283;Send0-new-160
284;Send0-new-161
285;Send0-new-162
286;Send0-new-163
287;Send0-new-164
288;Send0-new-165
289;Send0-new-166
290;Send0-new-167
291;Send0-new-168
292;Send0-new-169
293;Send0-new-170
294;Send0-new-171
295;Send0-new-172
296;Send0-new-173
297;Send0-new-174
298;Send0-new-175
299;Send0-new-176
300;Send0-new-0
301;Send0-new-3
302;Send0-new-4
303;Send0-new-5
304;Send0-new-6
305;Send0-new-7
306;Send0-new-8
307;Send0-new-9
308;Send0-new-10
309;Send0-new-11
310;Send0-new-12
311;Send0-new-13
312;Send0-new-14
313;Send0-new-15
314;Send0-new-16
315;Send0-new-17
316;Send0-new-18
317;Send0-new-19
318;Send0-new-20
319;Send0-new-21
320;Send0-new-22
321;Send0-new-23
322;Send0-new-24
323;Send0-new-25
324;Send0-new-26
325;Send0-new-27
326;Send0-new-28
327;Send0-new-29
328;Send0-new-30
329;Send0-new-31
330;Send0-new-32
331;Send0-new-33
332;Send0-new-34
333;Send0-new-35
334;Send0-new-36
335;Send0-new-37
336;Send0-new-38
337;Send0-new-39
338;Send0-new-40
339;Send0-new-41
340;Send0-new-42
341;Send0-new-43
342;Send0-new-44
